This is pdfTeX, Version 3.14159265-2.6-1.40.17 (TeX Live 2016/Debian) (preloaded format=pdflatex 2016.8.1)  16 AUG 2016 15:29
entering extended mode
 restricted \write18 enabled.
 %&-line parsing enabled.
**Tesi.tex
(./Tesi.tex
LaTeX2e <2016/03/31> patch level 1
Babel <3.9r> and hyphenation patterns for 5 language(s) loaded.
(/usr/share/texlive/texmf-dist/tex/latex/base/book.cls
Document Class: book 2014/09/29 v1.4h Standard LaTeX document class
(/usr/share/texlive/texmf-dist/tex/latex/base/bk10.clo
File: bk10.clo 2014/09/29 v1.4h Standard LaTeX file (size option)
)
\c@part=\count79
\c@chapter=\count80
\c@section=\count81
\c@subsection=\count82
\c@subsubsection=\count83
\c@paragraph=\count84
\c@subparagraph=\count85
\c@figure=\count86
\c@table=\count87
\abovecaptionskip=\skip41
\belowcaptionskip=\skip42
\bibindent=\dimen102
)
(/usr/share/texlive/texmf-dist/tex/latex/base/inputenc.sty
Package: inputenc 2015/03/17 v1.2c Input encoding file
\inpenc@prehook=\toks14
\inpenc@posthook=\toks15

(/usr/share/texlive/texmf-dist/tex/latex/base/latin1.def
File: latin1.def 2015/03/17 v1.2c Input encoding file
))
(/usr/share/texlive/texmf-dist/tex/generic/babel/babel.sty
Package: babel 2016/04/23 3.9r The Babel package


! Package babel Error: Unknown option `italian'. Either you misspelled it
(babel)                or the language definition file italian.ldf was not foun
d.

See the babel package documentation for explanation.
Type  H <return>  for immediate help.
 ...                                              
                                                  
l.310 \ProcessOptions*
                      
Valid options are: shorthands=, KeepShorthandsActive,
activeacute, activegrave, noconfigs, safe=, main=, math=
headfoot=, strings=, config=, hyphenmap=, or a language name.


! Package babel Error: You haven't specified a language option.

See the babel package documentation for explanation.
Type  H <return>  for immediate help.
 ...                                              
                                                  
l.343 ...ry to proceed from here, type x to quit.}
                                                  
You need to specify a language, either as a global option
or as an optional argument to the \usepackage command;
You shouldn't try to proceed from here, type x to quit.

) (/usr/share/texlive/texmf-dist/tex/latex/base/fontenc.sty
Package: fontenc 2005/09/27 v1.99g Standard LaTeX package

(/usr/share/texlive/texmf-dist/tex/latex/base/t1enc.def
File: t1enc.def 2005/09/27 v1.99g Standard LaTeX file
LaTeX Font Info:    Redeclaring font encoding T1 on input line 48.
))

! LaTeX Error: Option clash for package inputenc.

See the LaTeX manual or LaTeX Companion for explanation.
Type  H <return>  for immediate help.
 ...                                              
                                                  
l.6 \usepackage
               {listings}
The package inputenc has already been loaded with options:
  [latin1]
There has now been an attempt to load it with options
  [utf8x]
Adding the global options:
  latin1,utf8x
to your \documentclass declaration may fix this.
Try typing  <return>  to proceed.

(/usr/share/texlive/texmf-dist/tex/latex/listings/listings.sty
(/usr/share/texlive/texmf-dist/tex/latex/graphics/keyval.sty
Package: keyval 2014/10/28 v1.15 key=value parser (DPC)
\KV@toks@=\toks16
)
\lst@mode=\count88
\lst@gtempboxa=\box26
\lst@token=\toks17
\lst@length=\count89
\lst@currlwidth=\dimen103
\lst@column=\count90
\lst@pos=\count91
\lst@lostspace=\dimen104
\lst@width=\dimen105
\lst@newlines=\count92
\lst@lineno=\count93
\lst@maxwidth=\dimen106

(/usr/share/texlive/texmf-dist/tex/latex/listings/lstmisc.sty
File: lstmisc.sty 2015/06/04 1.6 (Carsten Heinz)
\c@lstnumber=\count94
\lst@skipnumbers=\count95
\lst@framebox=\box27
)
(/usr/share/texlive/texmf-dist/tex/latex/listings/listings.cfg
File: listings.cfg 2015/06/04 1.6 listings configuration
))
Package: listings 2015/06/04 1.6 (Carsten Heinz)

(/usr/share/texlive/texmf-dist/tex/latex/graphics/color.sty
Package: color 2016/06/02 v1.1d Standard LaTeX Color (DPC)

(/usr/share/texlive/texmf-dist/tex/latex/graphics-cfg/color.cfg
File: color.cfg 2016/01/02 v1.6 sample color configuration
)
Package color Info: Driver file: pdftex.def on input line 147.

(/usr/share/texlive/texmf-dist/tex/latex/pdftex-def/pdftex.def
File: pdftex.def 2016/06/17 v0.06h Graphics/color for pdfTeX

(/usr/share/texlive/texmf-dist/tex/generic/oberdiek/infwarerr.sty
Package: infwarerr 2016/05/16 v1.4 Providing info/warning/error messages (HO)
)
(/usr/share/texlive/texmf-dist/tex/generic/oberdiek/ltxcmds.sty
Package: ltxcmds 2016/05/16 v1.23 LaTeX kernel commands for general use (HO)
)
\Gread@gobject=\count96
))
(/usr/share/texlive/texmf-dist/tex/latex/listings/lstlang1.sty
File: lstlang1.sty 2015/06/04 1.6 listings language file
)
(/usr/share/texlive/texmf-dist/tex/latex/graphics/graphicx.sty
Package: graphicx 2014/10/28 v1.0g Enhanced LaTeX Graphics (DPC,SPQR)

(/usr/share/texlive/texmf-dist/tex/latex/graphics/graphics.sty
Package: graphics 2016/06/02 v1.0s Standard LaTeX Graphics (DPC,SPQR)

(/usr/share/texlive/texmf-dist/tex/latex/graphics/trig.sty
Package: trig 2016/01/03 v1.10 sin cos tan (DPC)
)
(/usr/share/texlive/texmf-dist/tex/latex/graphics-cfg/graphics.cfg
File: graphics.cfg 2016/06/04 v1.11 sample graphics configuration
)
Package graphics Info: Driver file: pdftex.def on input line 99.
)
\Gin@req@height=\dimen107
\Gin@req@width=\dimen108
)

LaTeX Warning: Unused global option(s):
    [pt11].

(./Tesi.aux)
\openout1 = `Tesi.aux'.

LaTeX Font Info:    Checking defaults for OML/cmm/m/it on input line 38.
LaTeX Font Info:    ... okay on input line 38.
LaTeX Font Info:    Checking defaults for T1/cmr/m/n on input line 38.
LaTeX Font Info:    ... okay on input line 38.
LaTeX Font Info:    Checking defaults for OT1/cmr/m/n on input line 38.
LaTeX Font Info:    ... okay on input line 38.
LaTeX Font Info:    Checking defaults for OMS/cmsy/m/n on input line 38.
LaTeX Font Info:    ... okay on input line 38.
LaTeX Font Info:    Checking defaults for OMX/cmex/m/n on input line 38.
LaTeX Font Info:    ... okay on input line 38.
LaTeX Font Info:    Checking defaults for U/cmr/m/n on input line 38.
LaTeX Font Info:    ... okay on input line 38.
\c@lstlisting=\count97
 (/usr/share/texlive/texmf-dist/tex/context/base/mkii/supp-pdf.mkii
[Loading MPS to PDF converter (version 2006.09.02).]
\scratchcounter=\count98
\scratchdimen=\dimen109
\scratchbox=\box28
\nofMPsegments=\count99
\nofMParguments=\count100
\everyMPshowfont=\toks18
\MPscratchCnt=\count101
\MPscratchDim=\dimen110
\MPnumerator=\count102
\makeMPintoPDFobject=\count103
\everyMPtoPDFconversion=\toks19
) (/usr/share/texlive/texmf-dist/tex/generic/oberdiek/pdftexcmds.sty
Package: pdftexcmds 2016/05/21 v0.22 Utility functions of pdfTeX for LuaTeX (HO
)

(/usr/share/texlive/texmf-dist/tex/generic/oberdiek/ifluatex.sty
Package: ifluatex 2016/05/16 v1.4 Provides the ifluatex switch (HO)
Package ifluatex Info: LuaTeX not detected.
)
(/usr/share/texlive/texmf-dist/tex/generic/oberdiek/ifpdf.sty
Package: ifpdf 2016/05/14 v3.1 Provides the ifpdf switch
)
Package pdftexcmds Info: LuaTeX not detected.
Package pdftexcmds Info: \pdf@primitive is available.
Package pdftexcmds Info: \pdf@ifprimitive is available.
Package pdftexcmds Info: \pdfdraftmode found.
)
(/usr/share/texlive/texmf-dist/tex/latex/oberdiek/epstopdf-base.sty
Package: epstopdf-base 2016/05/15 v2.6 Base part for package epstopdf

(/usr/share/texlive/texmf-dist/tex/latex/oberdiek/grfext.sty
Package: grfext 2016/05/16 v1.2 Manage graphics extensions (HO)

(/usr/share/texlive/texmf-dist/tex/generic/oberdiek/kvdefinekeys.sty
Package: kvdefinekeys 2016/05/16 v1.4 Define keys (HO)
))
(/usr/share/texlive/texmf-dist/tex/latex/oberdiek/kvoptions.sty
Package: kvoptions 2016/05/16 v3.12 Key value format for package options (HO)

(/usr/share/texlive/texmf-dist/tex/generic/oberdiek/kvsetkeys.sty
Package: kvsetkeys 2016/05/16 v1.17 Key value parser (HO)

(/usr/share/texlive/texmf-dist/tex/generic/oberdiek/etexcmds.sty
Package: etexcmds 2016/05/16 v1.6 Avoid name clashes with e-TeX commands (HO)
Package etexcmds Info: Could not find \expanded.
(etexcmds)             That can mean that you are not using pdfTeX 1.50 or
(etexcmds)             that some package has redefined \expanded.
(etexcmds)             In the latter case, load this package earlier.
)))
Package epstopdf-base Info: Redefining graphics rule for `.eps' on input line 4
38.
Package grfext Info: Graphics extension search list:
(grfext)             [.png,.pdf,.jpg,.mps,.jpeg,.jbig2,.jb2,.PNG,.PDF,.JPG,.JPE
G,.JBIG2,.JB2,.eps]
(grfext)             \AppendGraphicsExtensions on input line 456.

(/usr/share/texlive/texmf-dist/tex/latex/latexconfig/epstopdf-sys.cfg
File: epstopdf-sys.cfg 2010/07/13 v1.3 Configuration of (r)epstopdf for TeX Liv
e
))
<images/university.jpg, id=1, 40.5926pt x 39.2648pt>
File: images/university.jpg Graphic file (type jpg)

<use images/university.jpg>
Package pdftex.def Info: images/university.jpg used on input line 39.
(pdftex.def)             Requested size: 81.18497pt x 78.52939pt.
LaTeX Font Info:    External font `cmex10' loaded for size
(Font)              <12> on input line 39.
LaTeX Font Info:    External font `cmex10' loaded for size
(Font)              <8> on input line 39.
LaTeX Font Info:    External font `cmex10' loaded for size
(Font)              <6> on input line 39.
 [1


{/var/lib/texmf/fonts/map/pdftex/updmap/pdftex.map} <./images/university.jpg>] 
(./Tesi.toc
LaTeX Font Info:    External font `cmex10' loaded for size
(Font)              <7> on input line 3.
LaTeX Font Info:    External font `cmex10' loaded for size
(Font)              <5> on input line 3.
)
\tf@toc=\write3
\openout3 = `Tesi.toc'.

 [1

] (./Tesi.lof)
\tf@lof=\write4
\openout4 = `Tesi.lof'.

 [2

] (./Tesi.lot)
\tf@lot=\write5
\openout5 = `Tesi.lot'.


[3

]
Chapter 1.
(./chapters/Introduzione.tex

! LaTeX Error: Environment abstract undefined.

See the LaTeX manual or LaTeX Companion for explanation.
Type  H <return>  for immediate help.
 ...                                              
                                                  
l.2 \begin{abstract}
                    
Your command was ignored.
Type  I <command> <return>  to replace it with another command,
or  <return>  to continue without it.


! LaTeX Error: \begin{document} ended by \end{abstract}.

See the LaTeX manual or LaTeX Companion for explanation.
Type  H <return>  for immediate help.
 ...                                              
                                                  
l.4 \end{abstract}
                  
Your command was ignored.
Type  I <command> <return>  to replace it with another command,
or  <return>  to continue without it.

)
Overfull \hbox (8.99689pt too wide) in paragraph at lines 3--47
\T1/cmr/m/n/10 che mette a dis-po-sizione degli utenti una vi-sione chiara e co
m-pleta dell'occupazione
 []

[4

]
Chapter 2.
(./chapters/Java.tex) (./chapters/JavaLang.tex
LaTeX Font Info:    Try loading font information for OMS+cmr on input line 3.

(/usr/share/texlive/texmf-dist/tex/latex/base/omscmr.fd
File: omscmr.fd 2014/09/29 v2.5h Standard LaTeX font definitions
)
LaTeX Font Info:    Font shape `OMS/cmr/m/n' in size <10> not available
(Font)              Font shape `OMS/cmsy/m/n' tried instead on input line 3.


! LaTeX Error: There's no line here to end.

See the LaTeX manual or LaTeX Companion for explanation.
Type  H <return>  for immediate help.
 ...                                              
                                                  
l.9 J
     ava \`e un linguaggio object-oriented. La programmazione orientata agli...

Your command was ignored.
Type  I <command> <return>  to replace it with another command,
or  <return>  to continue without it.

[5

]

! Package inputenc Error: Keyboard character used is undefined
(inputenc)                in inputencoding `latin1'.

See the inputenc package documentation for explanation.
Type  H <return>  for immediate help.
 ...                                              
                                                  
l.22 ...ndenza dalla piattaforma significa che l‚Ä
                                                  ôesecuzione di programmi s...

You need to provide a definition with \DeclareInputText 
or \DeclareInputMath before using this key.


! Package inputenc Error: Keyboard character used is undefined
(inputenc)                in inputencoding `latin1'.

See the inputenc package documentation for explanation.
Type  H <return>  for immediate help.
 ...                                              
                                                  
l.22 ...denza dalla piattaforma significa che l‚Äô
                                                  esecuzione di programmi sc...

You need to provide a definition with \DeclareInputText 
or \DeclareInputMath before using this key.

[6]) (./chapters/JavaPlat.tex

! Package inputenc Error: Keyboard character used is undefined
(inputenc)                in inputencoding `latin1'.

See the inputenc package documentation for explanation.
Type  H <return>  for immediate help.
 ...                                              
                                                  
l.8 ...ezione  di componenti software pronti all‚Ä
                                                  ôuso per losvolgimento dei...

You need to provide a definition with \DeclareInputText 
or \DeclareInputMath before using this key.


! Package inputenc Error: Keyboard character used is undefined
(inputenc)                in inputencoding `latin1'.

See the inputenc package documentation for explanation.
Type  H <return>  for immediate help.
 ...                                              
                                                  
l.8 ...zione  di componenti software pronti all‚Äô
                                                  uso per losvolgimento dei ...

You need to provide a definition with \DeclareInputText 
or \DeclareInputMath before using this key.

[7]) (./chapters/Hiber.tex [8]

! Package inputenc Error: Keyboard character used is undefined
(inputenc)                in inputencoding `latin1'.

See the inputenc package documentation for explanation.
Type  H <return>  for immediate help.
 ...                                              
                                                  
l.8 ...relazionale non contempla il concetto di ‚Ä
                                                  úclasse‚Äù di oggetti e no...

You need to provide a definition with \DeclareInputText 
or \DeclareInputMath before using this key.


! Package inputenc Error: Keyboard character used is undefined
(inputenc)                in inputencoding `latin1'.

See the inputenc package documentation for explanation.
Type  H <return>  for immediate help.
 ...                                              
                                                  
l.8 ...elazionale non contempla il concetto di ‚Äú
                                                  classe‚Äù di oggetti e non...

You need to provide a definition with \DeclareInputText 
or \DeclareInputMath before using this key.


! Package inputenc Error: Keyboard character used is undefined
(inputenc)                in inputencoding `latin1'.

See the inputenc package documentation for explanation.
Type  H <return>  for immediate help.
 ...                                              
                                                  
l.8 ...le non contempla il concetto di ‚Äúclasse‚Ä
                                                  ù di oggetti e non fornisc...

You need to provide a definition with \DeclareInputText 
or \DeclareInputMath before using this key.


! Package inputenc Error: Keyboard character used is undefined
(inputenc)                in inputencoding `latin1'.

See the inputenc package documentation for explanation.
Type  H <return>  for immediate help.
 ...                                              
                                                  
l.8 ...e non contempla il concetto di ‚Äúclasse‚Äù
                                                   di oggetti e non fornisce...

You need to provide a definition with \DeclareInputText 
or \DeclareInputMath before using this key.

[9]
Overfull \hbox (13.02734pt too wide) in paragraph at lines 22--28
[]\T1/cmr/m/n/10 Un al-tro as-petto molto im-por-tante nella ges-tione della pe
r-sis-tenza Ë l'interazione
 []

[10]
Overfull \hbox (21.36002pt too wide) in paragraph at lines 36--37
[]\T1/cmr/m/n/10 Una tec-nica per l'implementazione di ORM per in-ter-a-gire co
n oggeti transazion-
 []


Overfull \hbox (1.1969pt too wide) in paragraph at lines 39--40
[]\T1/cmr/m/n/10 L'associazione fisica tra la classe e la tabella viene ot-tenu
ta me-di-ante l'utilizzo
 []

<images/hib-arch.png, id=47, 550.30594pt x 414.04688pt>
File: images/hib-arch.png Graphic file (type png)

<use images/hib-arch.png>
Package pdftex.def Info: images/hib-arch.png used on input line 57.
(pdftex.def)             Requested size: 385.21153pt x 289.83083pt.

Overfull \hbox (40.21153pt too wide) in paragraph at lines 57--58
 [][] 
 []

! Extra }, or forgotten \endgroup.
\@endfloatbox ...pagefalse \outer@nobreak \egroup 
                                                  \color@endbox 
l.59 \end{figure}
                 
I've deleted a group-closing symbol because it seems to be
spurious, as in `$x}$'. But perhaps the } is legitimate and
you forgot something else, as in `\hbox{$x}'. In such cases
the way to recover is to insert both the forgotten and the
deleted material, e.g., by typing `I$}'.

[11] <images/hiber-arch2.jpg, id=51, 494.84875pt x 176.66pt>
File: images/hiber-arch2.jpg Graphic file (type jpg)

<use images/hiber-arch2.jpg>
Package pdftex.def Info: images/hiber-arch2.jpg used on input line 68.
(pdftex.def)             Requested size: 346.39177pt x 123.66115pt.

Overfull \hbox (1.39177pt too wide) in paragraph at lines 68--69
 [][] 
 []

! Extra }, or forgotten \endgroup.
\@endfloatbox ...pagefalse \outer@nobreak \egroup 
                                                  \color@endbox 
l.70 \end{figure}
                 
I've deleted a group-closing symbol because it seems to be
spurious, as in `$x}$'. But perhaps the } is legitimate and
you forgot something else, as in `\hbox{$x}'. In such cases
the way to recover is to insert both the forgotten and the
deleted material, e.g., by typing `I$}'.

LaTeX Font Info:    Try loading font information for T1+cmtt on input line 72.
(/usr/share/texlive/texmf-dist/tex/latex/base/t1cmtt.fd
File: t1cmtt.fd 2014/09/29 v2.5h Standard LaTeX font definitions
) [12 <./images/hib-arch.png>]) [13 <./images/hiber-arch2.jpg>] (./chapters/GWT
.tex [14] [15]
<images/RPC1.png, id=67, 375.4025pt x 69.25874pt>
File: images/RPC1.png Graphic file (type png)
 <use images/RPC1.png>
Package pdftex.def Info: images/RPC1.png used on input line 42.
(pdftex.def)             Requested size: 262.77995pt x 48.48077pt.

! Extra }, or forgotten \endgroup.
\@endfloatbox ...pagefalse \outer@nobreak \egroup 
                                                  \color@endbox 
l.44 \end{figure}
                 
I've deleted a group-closing symbol because it seems to be
spurious, as in `$x}$'. But perhaps the } is legitimate and
you forgot something else, as in `\hbox{$x}'. In such cases
the way to recover is to insert both the forgotten and the
deleted material, e.g., by typing `I$}'.

[16 <./images/RPC1.png>]) [17] (./chapters/GrafVett.tex

! Package inputenc Error: Keyboard character used is undefined
(inputenc)                in inputencoding `latin1'.

See the inputenc package documentation for explanation.
Type  H <return>  for immediate help.
 ...                                              
                                                  
l.3 ...a di punti detti pixel, di forma quadrata.}
                                                  ; i principali vantaggi sono:

You need to provide a definition with \DeclareInputText 
or \DeclareInputMath before using this key.


! Package inputenc Error: Keyboard character used is undefined
(inputenc)                in inputencoding `latin1'.

See the inputenc package documentation for explanation.
Type  H <return>  for immediate help.
 ...                                              
                                                  
l.3 ...a di punti detti pixel, di forma quadrata.}
                                                  ; i principali vantaggi sono:

You need to provide a definition with \DeclareInputText 
or \DeclareInputMath before using this key.

! Undefined control sequence.
l.6 \itempossibilit
                   \`a di esprimere i dati in un formato che occupi (molto) ...
The control sequence at the end of the top line
of your error message was never \def'ed. If you have
misspelled it (e.g., `\hobx'), type `I' and the correct
spelling (e.g., `I\hbox'). Otherwise just continue,
and I'll forget about whatever was undefined.

) (./chapters/Libs.tex) [18]
Chapter 3.
(./chapters/AuleGest.tex) (./chapters/Pattern.tex
Overfull \hbox (19.00058pt too wide) in paragraph at lines 6--9
[]\T1/cmr/m/n/10 Facilita il la-voro in team e la pi-ani-fi-cazione del pro-get
to, div-i-dendo quest'ultimo
 []

<images/MVP.png, id=83, 313.17pt x 214.8025pt>
File: images/MVP.png Graphic file (type png)
 <use images/MVP.png>
Package pdftex.def Info: images/MVP.png used on input line 16.
(pdftex.def)             Requested size: 219.21748pt x 150.36072pt.

! Extra }, or forgotten \endgroup.
\@endfloatbox ...pagefalse \outer@nobreak \egroup 
                                                  \color@endbox 
l.18 \end{figure}
                 \\
I've deleted a group-closing symbol because it seems to be
spurious, as in `$x}$'. But perhaps the } is legitimate and
you forgot something else, as in `\hbox{$x}'. In such cases
the way to recover is to insert both the forgotten and the
deleted material, e.g., by typing `I$}'.

[19

] <images/EBdiagram.png, id=87, 464.73625pt x 274.02374pt>
File: images/EBdiagram.png Graphic file (type png)

<use images/EBdiagram.png>
Package pdftex.def Info: images/EBdiagram.png used on input line 29.
(pdftex.def)             Requested size: 232.36755pt x 137.01154pt.

! Extra }, or forgotten \endgroup.
\@endfloatbox ...pagefalse \outer@nobreak \egroup 
                                                  \color@endbox 
l.31 \end{figure}
                 \\
I've deleted a group-closing symbol because it seems to be
spurious, as in `$x}$'. But perhaps the } is legitimate and
you forgot something else, as in `\hbox{$x}'. In such cases
the way to recover is to insert both the forgotten and the
deleted material, e.g., by typing `I$}'.


Underfull \hbox (badness 10000) in paragraph at lines 26--32

 []

<images/GWTappMVP.png, id=88, 1491.5725pt x 788.9475pt>
File: images/GWTappMVP.png Graphic file (type png)

<use images/GWTappMVP.png>
Package pdftex.def Info: images/GWTappMVP.png used on input line 35.
(pdftex.def)             Requested size: 671.20143pt x 355.02309pt.

Overfull \hbox (10.02309pt too wide) in paragraph at lines 35--36
 [][] 
 []

! Extra }, or forgotten \endgroup.
\@endfloatbox ...pagefalse \outer@nobreak \egroup 
                                                  \color@endbox 
l.37 \end{figure}
                 \\
I've deleted a group-closing symbol because it seems to be
spurious, as in `$x}$'. But perhaps the } is legitimate and
you forgot something else, as in `\hbox{$x}'. In such cases
the way to recover is to insert both the forgotten and the
deleted material, e.g., by typing `I$}'.


LaTeX Warning: Float too large for page by 103.1454pt on input line 37.


! LaTeX Error: There's no line here to end.

See the LaTeX manual or LaTeX Companion for explanation.
Type  H <return>  for immediate help.
 ...                                              
                                                  
l.38 \begin
           {figure}[htbp]
Your command was ignored.
Type  I <command> <return>  to replace it with another command,
or  <return>  to continue without it.

<images/ActDVisu.png, id=89, 976.64874pt x 735.74875pt>
File: images/ActDVisu.png Graphic file (type png)

<use images/ActDVisu.png>
Package pdftex.def Info: images/ActDVisu.png used on input line 40.
(pdftex.def)             Requested size: 439.48787pt x 331.08388pt.

Overfull \hbox (94.48787pt too wide) in paragraph at lines 40--41
 [][] 
 []

! Extra }, or forgotten \endgroup.
\@endfloatbox ...pagefalse \outer@nobreak \egroup 
                                                  \color@endbox 
l.42 \end{figure}
                 \\
I've deleted a group-closing symbol because it seems to be
spurious, as in `$x}$'. But perhaps the } is legitimate and
you forgot something else, as in `\hbox{$x}'. In such cases
the way to recover is to insert both the forgotten and the
deleted material, e.g., by typing `I$}'.

)

! LaTeX Error: There's no line here to end.

See the LaTeX manual or LaTeX Companion for explanation.
Type  H <return>  for immediate help.
 ...                                              
                                                  
l.68 \chapter
             {L'applicazione MONITORAGGIO AULE}
Your command was ignored.
Type  I <command> <return>  to replace it with another command,
or  <return>  to continue without it.

[20 <./images/MVP.png (PNG copy)>] [21 <./images/EBdiagram.png>] [22 <./images/
GWTappMVP.png>] [23 <./images/ActDVisu.png>]
Chapter 4.
(./chapters/Android.tex

! Package inputenc Error: Keyboard character used is undefined
(inputenc)                in inputencoding `latin1'.

See the inputenc package documentation for explanation.
Type  H <return>  for immediate help.
 ...                                              
                                                  
l.2 ...etizione delle storielle ormai usurate. L‚Ä
                                                  ôacronimo REST, REpresenta...

You need to provide a definition with \DeclareInputText 
or \DeclareInputMath before using this key.


! Package inputenc Error: Keyboard character used is undefined
(inputenc)                in inputencoding `latin1'.

See the inputenc package documentation for explanation.
Type  H <return>  for immediate help.
 ...                                              
                                                  
l.2 ...tizione delle storielle ormai usurate. L‚Äô
                                                  acronimo REST, REpresentat...

You need to provide a definition with \DeclareInputText 
or \DeclareInputMath before using this key.


! Package inputenc Error: Keyboard character used is undefined
(inputenc)                in inputencoding `latin1'.

See the inputenc package documentation for explanation.
Type  H <return>  for immediate help.
 ...                                              
                                                  
l.2 ...o REST, REpresentational State Transfer (‚Ä
                                                  útrasferimento dello stato...

You need to provide a definition with \DeclareInputText 
or \DeclareInputMath before using this key.


! Package inputenc Error: Keyboard character used is undefined
(inputenc)                in inputencoding `latin1'.

See the inputenc package documentation for explanation.
Type  H <return>  for immediate help.
 ...                                              
                                                  
l.2 ... REST, REpresentational State Transfer (‚Äú
                                                  trasferimento dello stato ...

You need to provide a definition with \DeclareInputText 
or \DeclareInputMath before using this key.


! Package inputenc Error: Keyboard character used is undefined
(inputenc)                in inputencoding `latin1'.

See the inputenc package documentation for explanation.
Type  H <return>  for immediate help.
 ...                                              
                                                  
l.2 ...ferimento dello stato di rappresentazione‚Ä
                                                  ù) deriva dalla tesi di do...

You need to provide a definition with \DeclareInputText 
or \DeclareInputMath before using this key.


! Package inputenc Error: Keyboard character used is undefined
(inputenc)                in inputencoding `latin1'.

See the inputenc package documentation for explanation.
Type  H <return>  for immediate help.
 ...                                              
                                                  
l.2 ...erimento dello stato di rappresentazione‚Äù
                                                  ) deriva dalla tesi di dot...

You need to provide a definition with \DeclareInputText 
or \DeclareInputMath before using this key.


! Package inputenc Error: Keyboard character used is undefined
(inputenc)                in inputencoding `latin1'.

See the inputenc package documentation for explanation.
Type  H <return>  for immediate help.
 ...                                              
                                                  
l.2 ... di dottorato di Roy Fielding intitolata ‚Ä
                                                  úArchitectural Styles and ...

You need to provide a definition with \DeclareInputText 
or \DeclareInputMath before using this key.


! Package inputenc Error: Keyboard character used is undefined
(inputenc)                in inputencoding `latin1'.

See the inputenc package documentation for explanation.
Type  H <return>  for immediate help.
 ...                                              
                                                  
l.2 ...di dottorato di Roy Fielding intitolata ‚Äú
                                                  Architectural Styles and t...

You need to provide a definition with \DeclareInputText 
or \DeclareInputMath before using this key.


! Package inputenc Error: Keyboard character used is undefined
(inputenc)                in inputencoding `latin1'.

See the inputenc package documentation for explanation.
Type  H <return>  for immediate help.
 ...                                              
                                                  
l.2 ...n of Network-based Software Architectures‚Ä
                                                  ù (‚Äústili architetturali...

You need to provide a definition with \DeclareInputText 
or \DeclareInputMath before using this key.


! Package inputenc Error: Keyboard character used is undefined
(inputenc)                in inputencoding `latin1'.

See the inputenc package documentation for explanation.
Type  H <return>  for immediate help.
 ...                                              
                                                  
l.2 ... of Network-based Software Architectures‚Äù
                                                   (‚Äústili architetturali ...

You need to provide a definition with \DeclareInputText 
or \DeclareInputMath before using this key.


! Package inputenc Error: Keyboard character used is undefined
(inputenc)                in inputencoding `latin1'.

See the inputenc package documentation for explanation.
Type  H <return>  for immediate help.
 ...                                              
                                                  
l.2 ...Network-based Software Architectures‚Äù (‚Ä
                                                  ústili architetturali e pr...

You need to provide a definition with \DeclareInputText 
or \DeclareInputMath before using this key.


! Package inputenc Error: Keyboard character used is undefined
(inputenc)                in inputencoding `latin1'.

See the inputenc package documentation for explanation.
Type  H <return>  for immediate help.
 ...                                              
                                                  
l.2 ...etwork-based Software Architectures‚Äù (‚Äú
                                                  stili architetturali e pro...

You need to provide a definition with \DeclareInputText 
or \DeclareInputMath before using this key.


! Package inputenc Error: Keyboard character used is undefined
(inputenc)                in inputencoding `latin1'.

See the inputenc package documentation for explanation.
Type  H <return>  for immediate help.
 ...                                              
                                                  
l.2 ...chitetture software basate sul networking‚Ä
                                                  ù) [2]; concediamoci una b...

You need to provide a definition with \DeclareInputText 
or \DeclareInputMath before using this key.


! Package inputenc Error: Keyboard character used is undefined
(inputenc)                in inputencoding `latin1'.

See the inputenc package documentation for explanation.
Type  H <return>  for immediate help.
 ...                                              
                                                  
l.2 ...hitetture software basate sul networking‚Äù
                                                  ) [2]; concediamoci una ba...

You need to provide a definition with \DeclareInputText 
or \DeclareInputMath before using this key.


! Package inputenc Error: Keyboard character used is undefined
(inputenc)                in inputencoding `latin1'.

See the inputenc package documentation for explanation.
Type  H <return>  for immediate help.
 ...                                              
                                                  
l.2 ...llo HTTP, HypertText Transfer Protocol, (‚Ä
                                                  úprotocollo di trasferimen...

You need to provide a definition with \DeclareInputText 
or \DeclareInputMath before using this key.


! Package inputenc Error: Keyboard character used is undefined
(inputenc)                in inputencoding `latin1'.

See the inputenc package documentation for explanation.
Type  H <return>  for immediate help.
 ...                                              
                                                  
l.2 ...lo HTTP, HypertText Transfer Protocol, (‚Äú
                                                  protocollo di trasferiment...

You need to provide a definition with \DeclareInputText 
or \DeclareInputMath before using this key.


! Package inputenc Error: Keyboard character used is undefined
(inputenc)                in inputencoding `latin1'.

See the inputenc package documentation for explanation.
Type  H <return>  for immediate help.
 ...                                              
                                                  
l.2 ...otocollo di trasferimento degli ipertesti‚Ä
                                                  ù) versione 1.0 e 1.1.
You need to provide a definition with \DeclareInputText 
or \DeclareInputMath before using this key.


! Package inputenc Error: Keyboard character used is undefined
(inputenc)                in inputencoding `latin1'.

See the inputenc package documentation for explanation.
Type  H <return>  for immediate help.
 ...                                              
                                                  
l.2 ...tocollo di trasferimento degli ipertesti‚Äù
                                                  ) versione 1.0 e 1.1.
You need to provide a definition with \DeclareInputText 
or \DeclareInputMath before using this key.


! Package inputenc Error: Keyboard character used is undefined
(inputenc)                in inputencoding `latin1'.

See the inputenc package documentation for explanation.
Type  H <return>  for immediate help.
 ...                                              
                                                  
l.4 REST non \`e un‚Ä
                     ôarchitettura bens\`i uno ‚Äústile architetturale‚Äù fo...

You need to provide a definition with \DeclareInputText 
or \DeclareInputMath before using this key.


! Package inputenc Error: Keyboard character used is undefined
(inputenc)                in inputencoding `latin1'.

See the inputenc package documentation for explanation.
Type  H <return>  for immediate help.
 ...                                              
                                                  
l.4 REST non \`e un‚Äô
                      architettura bens\`i uno ‚Äústile architetturale‚Äù fo...

You need to provide a definition with \DeclareInputText 
or \DeclareInputMath before using this key.


! Package inputenc Error: Keyboard character used is undefined
(inputenc)                in inputencoding `latin1'.

See the inputenc package documentation for explanation.
Type  H <return>  for immediate help.
 ...                                              
                                                  
l.4 REST non \`e un‚Äôarchitettura bens\`i uno ‚Ä
                                                 ústile architetturale‚Äù fo...

You need to provide a definition with \DeclareInputText 
or \DeclareInputMath before using this key.


! Package inputenc Error: Keyboard character used is undefined
(inputenc)                in inputencoding `latin1'.

See the inputenc package documentation for explanation.
Type  H <return>  for immediate help.
 ...                                              
                                                  
l.4 REST non \`e un‚Äôarchitettura bens\`i uno ‚Äú
                                                  stile architetturale‚Äù fo...

You need to provide a definition with \DeclareInputText 
or \DeclareInputMath before using this key.


! Package inputenc Error: Keyboard character used is undefined
(inputenc)                in inputencoding `latin1'.

See the inputenc package documentation for explanation.
Type  H <return>  for immediate help.
 ...                                              
                                                  
l.4 ...ttura bens\`i uno ‚Äústile architetturale‚Ä
                                                  ù formato da vincoli, line...

You need to provide a definition with \DeclareInputText 
or \DeclareInputMath before using this key.


! Package inputenc Error: Keyboard character used is undefined
(inputenc)                in inputencoding `latin1'.

See the inputenc package documentation for explanation.
Type  H <return>  for immediate help.
 ...                                              
                                                  
l.4 ...tura bens\`i uno ‚Äústile architetturale‚Äù
                                                   formato da vincoli, linee...

You need to provide a definition with \DeclareInputText 
or \DeclareInputMath before using this key.


! Package inputenc Error: Keyboard character used is undefined
(inputenc)                in inputencoding `latin1'.

See the inputenc package documentation for explanation.
Type  H <return>  for immediate help.
 ...                                              
                                                  
l.4 ...llo stile REST \`e stata ottenuto dopo un‚Ä
                                                  ôattenta analisi effettua ...

You need to provide a definition with \DeclareInputText 
or \DeclareInputMath before using this key.


! Package inputenc Error: Keyboard character used is undefined
(inputenc)                in inputencoding `latin1'.

See the inputenc package documentation for explanation.
Type  H <return>  for immediate help.
 ...                                              
                                                  
l.4 ...lo stile REST \`e stata ottenuto dopo un‚Äô
                                                  attenta analisi effettua d...

You need to provide a definition with \DeclareInputText 
or \DeclareInputMath before using this key.


! Package inputenc Error: Keyboard character used is undefined
(inputenc)                in inputencoding `latin1'.

See the inputenc package documentation for explanation.
Type  H <return>  for immediate help.
 ...                                              
                                                  
l.4 ... creazione di applicazioni distribuite. L‚Ä
                                                  ôassioma di base \`e che, ...

You need to provide a definition with \DeclareInputText 
or \DeclareInputMath before using this key.


! Package inputenc Error: Keyboard character used is undefined
(inputenc)                in inputencoding `latin1'.

See the inputenc package documentation for explanation.
Type  H <return>  for immediate help.
 ...                                              
                                                  
l.4 ...creazione di applicazioni distribuite. L‚Äô
                                                  assioma di base \`e che, s...

You need to provide a definition with \DeclareInputText 
or \DeclareInputMath before using this key.


! Package inputenc Error: Keyboard character used is undefined
(inputenc)                in inputencoding `latin1'.

See the inputenc package documentation for explanation.
Type  H <return>  for immediate help.
 ...                                              
                                                  
l.4 ...imporre alcun vincolo, i sistemi tendono ‚Ä
                                                  únaturalmente‚Äù a evolver...

You need to provide a definition with \DeclareInputText 
or \DeclareInputMath before using this key.


! Package inputenc Error: Keyboard character used is undefined
(inputenc)                in inputencoding `latin1'.

See the inputenc package documentation for explanation.
Type  H <return>  for immediate help.
 ...                                              
                                                  
l.4 ...mporre alcun vincolo, i sistemi tendono ‚Äú
                                                  naturalmente‚Äù a evolvere...

You need to provide a definition with \DeclareInputText 
or \DeclareInputMath before using this key.


! Package inputenc Error: Keyboard character used is undefined
(inputenc)                in inputencoding `latin1'.

See the inputenc package documentation for explanation.
Type  H <return>  for immediate help.
 ...                                              
                                                  
l.4 ...incolo, i sistemi tendono ‚Äúnaturalmente‚Ä
                                                  ù a evolvere in maniera en...

You need to provide a definition with \DeclareInputText 
or \DeclareInputMath before using this key.


! Package inputenc Error: Keyboard character used is undefined
(inputenc)                in inputencoding `latin1'.

See the inputenc package documentation for explanation.
Type  H <return>  for immediate help.
 ...                                              
                                                  
l.4 ...ncolo, i sistemi tendono ‚Äúnaturalmente‚Äù
                                                   a evolvere in maniera ent...

You need to provide a definition with \DeclareInputText 
or \DeclareInputMath before using this key.

[24

]

! Package inputenc Error: Keyboard character used is undefined
(inputenc)                in inputencoding `latin1'.

See the inputenc package documentation for explanation.
Type  H <return>  for immediate help.
 ...                                              
                                                  
l.6 ...ndo dal limite inferiore da lui definito ‚Ä
                                                  úspazio nullo‚Äù (null spa...

You need to provide a definition with \DeclareInputText 
or \DeclareInputMath before using this key.


! Package inputenc Error: Keyboard character used is undefined
(inputenc)                in inputencoding `latin1'.

See the inputenc package documentation for explanation.
Type  H <return>  for immediate help.
 ...                                              
                                                  
l.6 ...do dal limite inferiore da lui definito ‚Äú
                                                  spazio nullo‚Äù (null spac...

You need to provide a definition with \DeclareInputText 
or \DeclareInputMath before using this key.


! Package inputenc Error: Keyboard character used is undefined
(inputenc)                in inputencoding `latin1'.

See the inputenc package documentation for explanation.
Type  H <return>  for immediate help.
 ...                                              
                                                  
l.6 ...inferiore da lui definito ‚Äúspazio nullo‚Ä
                                                  ù (null space), ossia il ‚...

You need to provide a definition with \DeclareInputText 
or \DeclareInputMath before using this key.


! Package inputenc Error: Keyboard character used is undefined
(inputenc)                in inputencoding `latin1'.

See the inputenc package documentation for explanation.
Type  H <return>  for immediate help.
 ...                                              
                                                  
l.6 ...nferiore da lui definito ‚Äúspazio nullo‚Äù
                                                   (null space), ossia il ‚Ä...

You need to provide a definition with \DeclareInputText 
or \DeclareInputMath before using this key.


! Package inputenc Error: Keyboard character used is undefined
(inputenc)                in inputencoding `latin1'.

See the inputenc package documentation for explanation.
Type  H <return>  for immediate help.
 ...                                              
                                                  
l.6 ...Äúspazio nullo‚Äù (null space), ossia il ‚Ä
                                                  úFar West‚Äù, rappresentat...

You need to provide a definition with \DeclareInputText 
or \DeclareInputMath before using this key.


! Package inputenc Error: Keyboard character used is undefined
(inputenc)                in inputencoding `latin1'.

See the inputenc package documentation for explanation.
Type  H <return>  for immediate help.
 ...                                              
                                                  
l.6 ...úspazio nullo‚Äù (null space), ossia il ‚Äú
                                                  Far West‚Äù, rappresentato...

You need to provide a definition with \DeclareInputText 
or \DeclareInputMath before using this key.


! Package inputenc Error: Keyboard character used is undefined
(inputenc)                in inputencoding `latin1'.

See the inputenc package documentation for explanation.
Type  H <return>  for immediate help.
 ...                                              
                                                  
l.6 ...llo‚Äù (null space), ossia il ‚ÄúFar West‚Ä
                                                  ù, rappresentato da organi...

You need to provide a definition with \DeclareInputText 
or \DeclareInputMath before using this key.


! Package inputenc Error: Keyboard character used is undefined
(inputenc)                in inputencoding `latin1'.

See the inputenc package documentation for explanation.
Type  H <return>  for immediate help.
 ...                                              
                                                  
l.6 ...lo‚Äù (null space), ossia il ‚ÄúFar West‚Äù
                                                  , rappresentato da organiz...

You need to provide a definition with \DeclareInputText 
or \DeclareInputMath before using this key.


! Package inputenc Error: Keyboard character used is undefined
(inputenc)                in inputencoding `latin1'.

See the inputenc package documentation for explanation.
Type  H <return>  for immediate help.
 ...                                              
                                                  
l.6 ...i gli stili sono ammessi, senza regole ne‚Ä
                                                  ô limiti. Continuando lung...

You need to provide a definition with \DeclareInputText 
or \DeclareInputMath before using this key.


! Package inputenc Error: Keyboard character used is undefined
(inputenc)                in inputencoding `latin1'.

See the inputenc package documentation for explanation.
Type  H <return>  for immediate help.
 ...                                              
                                                  
l.6 ... gli stili sono ammessi, senza regole ne‚Äô
                                                   limiti. Continuando lungo...

You need to provide a definition with \DeclareInputText 
or \DeclareInputMath before using this key.


! Package inputenc Error: Keyboard character used is undefined
(inputenc)                in inputencoding `latin1'.

See the inputenc package documentation for explanation.
Type  H <return>  for immediate help.
 ...                                              
                                                  
l.6 ...i primi cinque sono obbligatori, mentre l‚Ä
                                                  ôultimo \`e facoltativo. V...

You need to provide a definition with \DeclareInputText 
or \DeclareInputMath before using this key.


! Package inputenc Error: Keyboard character used is undefined
(inputenc)                in inputencoding `latin1'.

See the inputenc package documentation for explanation.
Type  H <return>  for immediate help.
 ...                                              
                                                  
l.6 ... primi cinque sono obbligatori, mentre l‚Äô
                                                  ultimo \`e facoltativo. Ve...

You need to provide a definition with \DeclareInputText 
or \DeclareInputMath before using this key.

) [25]
Chapter 5.
(./chapters/Conclusioni.tex) [26

]
Chapter 6.
(./chapters/SRSGWT.tex
Overfull \hbox (32.43306pt too wide) in paragraph at lines 4--24
 [] 
 []


Overfull \hbox (32.43306pt too wide) in paragraph at lines 30--50
 [] 
 []


Overfull \hbox (32.43306pt too wide) in paragraph at lines 56--72
 [] 
 []


Underfull \hbox (badness 2809) in paragraph at lines 87--87
[]\T1/cmr/m/n/10 L'utente, dopo aver se-lezion-ato l'edificio e il pi-ano
 []


Overfull \hbox (32.43306pt too wide) in paragraph at lines 78--94
 [] 
 []


Underfull \hbox (badness 2809) in paragraph at lines 109--109
[]\T1/cmr/m/n/10 L'utente, dopo aver se-lezion-ato l'edificio e il pi-ano
 []


Overfull \hbox (32.43306pt too wide) in paragraph at lines 100--116
 [] 
 []


Underfull \hbox (badness 2809) in paragraph at lines 132--132
[]\T1/cmr/m/n/10 L'utente, dopo aver se-lezion-ato l'edificio e il pi-ano
 []


Overfull \hbox (32.43306pt too wide) in paragraph at lines 123--139
 [] 
 []

) (./chapters/Biblio.tex
! Undefined control sequence.
l.1 \specialhead
                {LITERATURE CITED}
The control sequence at the end of the top line
of your error message was never \def'ed. If you have
misspelled it (e.g., `\hobx'), type `I' and the correct
spelling (e.g., `I\hbox'). Otherwise just continue,
and I'll forget about whatever was undefined.


! LaTeX Error: Environment singlespace undefined.

See the LaTeX manual or LaTeX Companion for explanation.
Type  H <return>  for immediate help.
 ...                                              
                                                  
l.2 \begin{singlespace}
                       
Your command was ignored.
Type  I <command> <return>  to replace it with another command,
or  <return>  to continue without it.

[27

] [28] [29]

! LaTeX Error: \begin{document} ended by \end{singlespace}.

See the LaTeX manual or LaTeX Companion for explanation.
Type  H <return>  for immediate help.
 ...                                              
                                                  
l.11 \end{singlespace}
                      
Your command was ignored.
Type  I <command> <return>  to replace it with another command,
or  <return>  to continue without it.

) [30

] (./Tesi.aux)

LaTeX Warning: Label(s) may have changed. Rerun to get cross-references right.

 ) 
Here is how much of TeX's memory you used:
 3785 strings out of 494903
 51187 string characters out of 6179900
 125686 words of memory out of 5000000
 6972 multiletter control sequences out of 15000+600000
 19744 words of font info for 41 fonts, out of 8000000 for 9000
 36 hyphenation exceptions out of 8191
 40i,10n,40p,985b,1153s stack positions out of 5000i,500n,10000p,200000b,80000s
 </home/darklinux/.texlive2016/texmf-var/fonts/pk/ljfour/jknappen/ec/ecti1000
.600pk> </home/darklinux/.texlive2016/texmf-var/fonts/pk/ljfour/jknappen/ec/ecr
m0800.600pk> </home/darklinux/.texlive2016/texmf-var/fonts/pk/ljfour/jknappen/e
c/ecrm0600.600pk> </home/darklinux/.texlive2016/texmf-var/fonts/pk/ljfour/jknap
pen/ec/ecrm0700.600pk> </home/darklinux/.texlive2016/texmf-var/fonts/pk/ljfour/
jknappen/ec/ectt0800.600pk> </home/darklinux/.texlive2016/texmf-var/fonts/pk/lj
four/jknappen/ec/ecrm0500.600pk> </home/darklinux/.texlive2016/texmf-var/fonts/
pk/ljfour/jknappen/ec/ecsl1000.600pk> </home/darklinux/.texlive2016/texmf-var/f
onts/pk/ljfour/jknappen/ec/ecbx1200.600pk> </home/darklinux/.texlive2016/texmf-
var/fonts/pk/ljfour/jknappen/ec/ecbx1440.600pk> </home/darklinux/.texlive2016/t
exmf-var/fonts/pk/ljfour/jknappen/ec/ecrm1000.600pk> </home/darklinux/.texlive2
016/texmf-var/fonts/pk/ljfour/jknappen/ec/ecbx1000.600pk> </home/darklinux/.tex
live2016/texmf-var/fonts/pk/ljfour/jknappen/ec/ecbx2488.600pk> </home/darklinux
/.texlive2016/texmf-var/fonts/pk/ljfour/jknappen/ec/ecrm1200.600pk> </home/dark
linux/.texlive2016/texmf-var/fonts/pk/ljfour/jknappen/ec/ecbx2074.600pk></usr/s
hare/texlive/texmf-dist/fonts/type1/public/amsfonts/cm/cmsy10.pfb>
Output written on Tesi.pdf (31 pages, 384052 bytes).
PDF statistics:
 601 PDF objects out of 1000 (max. 8388607)
 130 compressed objects within 2 object streams
 0 named destinations out of 1000 (max. 500000)
 41 words of extra memory for PDF output out of 10000 (max. 10000000)

